2015-07-06T12:55:28.825+0000 [initandlisten] MongoDB starting : pid=29204 port=27019 dbpath=/data/rs3 32-bit host=tequendama
2015-07-06T12:55:28.825+0000 [initandlisten] 
2015-07-06T12:55:28.825+0000 [initandlisten] ** NOTE: This is a 32 bit MongoDB binary.
2015-07-06T12:55:28.825+0000 [initandlisten] **       32 bit builds are limited to less than 2GB of data (or less with --journal).
2015-07-06T12:55:28.825+0000 [initandlisten] **       Note that journaling defaults to off for 32 bit and is currently off.
2015-07-06T12:55:28.825+0000 [initandlisten] **       See http://dochub.mongodb.org/core/32bit
2015-07-06T12:55:28.825+0000 [initandlisten] 
2015-07-06T12:55:28.825+0000 [initandlisten] db version v2.6.10
2015-07-06T12:55:28.825+0000 [initandlisten] git version: 5901dbfb49d16eaef6f2c2c50fba534d23ac7f6c
2015-07-06T12:55:28.825+0000 [initandlisten] build info: Linux ip-10-16-142-20 2.6.18-194.el5xen #1 SMP Tue Mar 16 22:08:06 EDT 2010 i686 BOOST_LIB_VERSION=1_49
2015-07-06T12:55:28.825+0000 [initandlisten] allocator: system
2015-07-06T12:55:28.825+0000 [initandlisten] options: { net: { port: 27019 }, processManagement: { fork: true }, replication: { oplogSizeMB: 64, replSet: "m101" }, storage: { dbPath: "/data/rs3", smallFiles: true }, systemLog: { destination: "file", path: "3.log" } }
2015-07-06T12:55:28.832+0000 [initandlisten] exception in initAndListen: 10310 Unable to lock file: /data/rs3/mongod.lock. Is a mongod instance already running?, terminating
2015-07-06T12:55:28.832+0000 [initandlisten] dbexit: 
2015-07-06T12:55:28.832+0000 [initandlisten] shutdown: going to close listening sockets...
2015-07-06T12:55:28.832+0000 [initandlisten] shutdown: going to flush diaglog...
2015-07-06T12:55:28.832+0000 [initandlisten] shutdown: going to close sockets...
2015-07-06T12:55:28.832+0000 [initandlisten] shutdown: waiting for fs preallocator...
2015-07-06T12:55:28.832+0000 [initandlisten] shutdown: closing all files...
2015-07-06T12:55:28.832+0000 [initandlisten] closeAllFiles() finished
2015-07-06T12:55:28.832+0000 [initandlisten] dbexit: really exiting now
